0 info it worked if it ends with ok
1 verbose cli [ '/Users/jbasdf/.nvm/versions/node/v5.1.0/bin/node',
1 verbose cli   '/Users/jbasdf/.nvm/versions/node/v5.1.0/bin/npm',
1 verbose cli   'run',
1 verbose cli   'release' ]
2 info using npm@3.5.0
3 info using node@v5.1.0
4 verbose run-script [ 'prerelease', 'release', 'postrelease' ]
5 info lifecycle jolt-cli@0.0.2~prerelease: jolt-cli@0.0.2
6 silly lifecycle jolt-cli@0.0.2~prerelease: no script for prerelease, continuing
7 info lifecycle jolt-cli@0.0.2~release: jolt-cli@0.0.2
8 verbose lifecycle jolt-cli@0.0.2~release: unsafe-perm in lifecycle true
9 verbose lifecycle jolt-cli@0.0.2~release: PATH: /Users/jbasdf/.nvm/versions/node/v5.1.0/lib/node_modules/npm/bin/node-gyp-bin:/Users/jbasdf/projects/jolt-cli/node_modules/.bin:/Users/jbasdf/.avn/bin:/Users/jbasdf/.rvm/gems/ruby-2.2.2/bin:/Users/jbasdf/.rvm/gems/ruby-2.2.2@global/bin:/Users/jbasdf/.rvm/rubies/ruby-2.2.2/bin:/Users/jbasdf/.nvm/versions/node/v5.1.0/bin:/usr/local/share/npm/bin:/usr/local/sbin:/usr/local/bin:/usr/bin:/Users/jbasdf/bin:/usr/local/mysql/bin:/opt/local/bin:/opt/local/sbin:/usr/local/bin:/usr/bin:/bin:/usr/sbin:/sbin:/opt/X11/bin:/Users/jbasdf/.rvm/bin:/Users/jbasdf/projects/go/bin
10 verbose lifecycle jolt-cli@0.0.2~release: CWD: /Users/jbasdf/projects/jolt-cli
11 silly lifecycle jolt-cli@0.0.2~release: Args: [ '-c', './scripts/release.sh' ]
12 silly lifecycle jolt-cli@0.0.2~release: Returned: code: 128  signal: null
13 info lifecycle jolt-cli@0.0.2~release: Failed to exec release script
14 verbose stack Error: jolt-cli@0.0.2 release: `./scripts/release.sh`
14 verbose stack Exit status 128
14 verbose stack     at EventEmitter.<anonymous> (/Users/jbasdf/.nvm/versions/node/v5.1.0/lib/node_modules/npm/lib/utils/lifecycle.js:232:16)
14 verbose stack     at emitTwo (events.js:87:13)
14 verbose stack     at EventEmitter.emit (events.js:172:7)
14 verbose stack     at ChildProcess.<anonymous> (/Users/jbasdf/.nvm/versions/node/v5.1.0/lib/node_modules/npm/lib/utils/spawn.js:24:14)
14 verbose stack     at emitTwo (events.js:87:13)
14 verbose stack     at ChildProcess.emit (events.js:172:7)
14 verbose stack     at maybeClose (internal/child_process.js:818:16)
14 verbose stack     at Process.ChildProcess._handle.onexit (internal/child_process.js:211:5)
15 verbose pkgid jolt-cli@0.0.2
16 verbose cwd /Users/jbasdf/projects/jolt-cli
17 error Darwin 15.3.0
18 error argv "/Users/jbasdf/.nvm/versions/node/v5.1.0/bin/node" "/Users/jbasdf/.nvm/versions/node/v5.1.0/bin/npm" "run" "release"
19 error node v5.1.0
20 error npm  v3.5.0
21 error code ELIFECYCLE
22 error jolt-cli@0.0.2 release: `./scripts/release.sh`
22 error Exit status 128
23 error Failed at the jolt-cli@0.0.2 release script './scripts/release.sh'.
23 error Make sure you have the latest version of node.js and npm installed.
23 error If you do, this is most likely a problem with the jolt-cli package,
23 error not with npm itself.
23 error Tell the author that this fails on your system:
23 error     ./scripts/release.sh
23 error You can get their info via:
23 error     npm owner ls jolt-cli
23 error There is likely additional logging output above.
24 verbose exit [ 1, true ]
